<?xml version="1.0" encoding="UTF-8"?>
<!-- Generated by org.testng.reporters.JUnitXMLReporter -->
<testsuite ignored="0" hostname="DESKTOP-1ULGF16" failures="0" tests="3" name="Default test" time="105.803" errors="0" timestamp="2024-02-22T11:19:05 GMT">
  <testcase classname="businessComponent.createSalespartner" name="validateMandatoryInStep1" time="17.232"/>
  <testcase classname="businessComponent.createSalespartner" name="checkAlreadyExistSalespartner" time="45.173"/>
  <testcase classname="businessComponent.createSalespartner" name="createSalesPartner" time="43.355"/>
</testsuite> <!-- Default test -->
